<?xml version="1.0" encoding="UTF-8"?>
<testsuite name="com.example.demo.CardTest" tests="6" skipped="0" failures="0" errors="0" timestamp="2024-02-16T21:12:59" hostname="DESKTOP-9UF16CJ" time="0.044">
  <properties/>
  <testcase name="testDefaultValues()" classname="com.example.demo.CardTest" time="0.021"/>
  <testcase name="testTitle()" classname="com.example.demo.CardTest" time="0.002"/>
  <testcase name="testId()" classname="com.example.demo.CardTest" time="0.002"/>
  <testcase name="testDueDate()" classname="com.example.demo.CardTest" time="0.002"/>
  <testcase name="testDescription()" classname="com.example.demo.CardTest" time="0.003"/>
  <testcase name="testAssignees()" classname="com.example.demo.CardTest" time="0.002"/>
  <system-out><![CDATA[]]></system-out>
  <system-err><![CDATA[]]></system-err>
</testsuite>
